<?xml version="1.0" encoding="UTF-8"?>
<testsuite xmlns:xsi="http://www.w3.org/2001/XMLSchema-instance" xsi:noNamespaceSchemaLocation="https://maven.apache.org/surefire/maven-surefire-plugin/xsd/surefire-test-report.xsd" name="za.ac.nwu.ac.logic.flow.impl.ModuloTest" time="0" tests="2" errors="0" skipped="0" failures="0">
  <properties>
    <property name="sun.desktop" value="windows"/>
    <property name="awt.toolkit" value="sun.awt.windows.WToolkit"/>
    <property name="file.encoding.pkg" value="sun.io"/>
    <property name="java.specification.version" value="1.8"/>
    <property name="sun.cpu.isalist" value="amd64"/>
    <property name="sun.jnu.encoding" value="Cp1252"/>
    <property name="java.class.path" value="C:\DO\nwu\AccountSystem\AccountSystemLogic\target\test-classes;C:\DO\nwu\AccountSystem\AccountSystemLogic\target\classes;C:\DO\nwu\AccountSystem\AccountSystemDomain\target\AccountSystemDomain-1.0-SNAPSHOT.jar;C:\DO\nwu\repo\org\springframework\boot\spring-boot-starter\2.1.6.RELEASE\spring-boot-starter-2.1.6.RELEASE.jar;C:\DO\nwu\repo\org\springframework\boot\spring-boot\2.1.6.RELEASE\spring-boot-2.1.6.RELEASE.jar;C:\DO\nwu\repo\org\springframework\spring-context\5.1.8.RELEASE\spring-context-5.1.8.RELEASE.jar;C:\DO\nwu\repo\org\springframework\spring-aop\5.1.8.RELEASE\spring-aop-5.1.8.RELEASE.jar;C:\DO\nwu\repo\org\springframework\spring-beans\5.1.8.RELEASE\spring-beans-5.1.8.RELEASE.jar;C:\DO\nwu\repo\org\springframework\spring-expression\5.1.8.RELEASE\spring-expression-5.1.8.RELEASE.jar;C:\DO\nwu\repo\org\springframework\boot\spring-boot-autoconfigure\2.1.6.RELEASE\spring-boot-autoconfigure-2.1.6.RELEASE.jar;C:\DO\nwu\repo\org\springframework\boot\spring-boot-starter-logging\2.1.6.RELEASE\spring-boot-starter-logging-2.1.6.RELEASE.jar;C:\DO\nwu\repo\ch\qos\logback\logback-classic\1.2.3\logback-classic-1.2.3.jar;C:\DO\nwu\repo\ch\qos\logback\logback-core\1.2.3\logback-core-1.2.3.jar;C:\DO\nwu\repo\org\apache\logging\log4j\log4j-to-slf4j\2.11.2\log4j-to-slf4j-2.11.2.jar;C:\DO\nwu\repo\org\apache\logging\log4j\log4j-api\2.11.2\log4j-api-2.11.2.jar;C:\DO\nwu\repo\org\slf4j\jul-to-slf4j\1.7.26\jul-to-slf4j-1.7.26.jar;C:\DO\nwu\repo\javax\annotation\javax.annotation-api\1.3.2\javax.annotation-api-1.3.2.jar;C:\DO\nwu\repo\org\yaml\snakeyaml\1.23\snakeyaml-1.23.jar;C:\DO\nwu\repo\com\fasterxml\jackson\core\jackson-annotations\2.9.0\jackson-annotations-2.9.0.jar;C:\DO\nwu\repo\io\swagger\swagger-annotations\1.5.20\swagger-annotations-1.5.20.jar;C:\DO\nwu\AccountSystem\AccountSystemTranslator\target\AccountSystemTranslator-1.0-SNAPSHOT.jar;C:\DO\nwu\AccountSystem\AccountSystemRepository\target\AccountSystemRepository-1.0-SNAPSHOT.jar;C:\DO\nwu\repo\org\springframework\boot\spring-boot-starter-data-jpa\2.1.6.RELEASE\spring-boot-starter-data-jpa-2.1.6.RELEASE.jar;C:\DO\nwu\repo\org\springframework\boot\spring-boot-starter-aop\2.1.6.RELEASE\spring-boot-starter-aop-2.1.6.RELEASE.jar;C:\DO\nwu\repo\org\aspectj\aspectjweaver\1.9.4\aspectjweaver-1.9.4.jar;C:\DO\nwu\repo\org\springframework\boot\spring-boot-starter-jdbc\2.1.6.RELEASE\spring-boot-starter-jdbc-2.1.6.RELEASE.jar;C:\DO\nwu\repo\com\zaxxer\HikariCP\3.2.0\HikariCP-3.2.0.jar;C:\DO\nwu\repo\org\springframework\spring-jdbc\5.1.8.RELEASE\spring-jdbc-5.1.8.RELEASE.jar;C:\DO\nwu\repo\javax\transaction\javax.transaction-api\1.3\javax.transaction-api-1.3.jar;C:\DO\nwu\repo\javax\xml\bind\jaxb-api\2.3.1\jaxb-api-2.3.1.jar;C:\DO\nwu\repo\javax\activation\javax.activation-api\1.2.0\javax.activation-api-1.2.0.jar;C:\DO\nwu\repo\org\hibernate\hibernate-core\5.3.10.Final\hibernate-core-5.3.10.Final.jar;C:\DO\nwu\repo\org\jboss\logging\jboss-logging\3.3.2.Final\jboss-logging-3.3.2.Final.jar;C:\DO\nwu\repo\javax\persistence\javax.persistence-api\2.2\javax.persistence-api-2.2.jar;C:\DO\nwu\repo\org\javassist\javassist\3.23.2-GA\javassist-3.23.2-GA.jar;C:\DO\nwu\repo\antlr\antlr\2.7.7\antlr-2.7.7.jar;C:\DO\nwu\repo\org\jboss\jandex\2.0.5.Final\jandex-2.0.5.Final.jar;C:\DO\nwu\repo\com\fasterxml\classmate\1.4.0\classmate-1.4.0.jar;C:\DO\nwu\repo\org\dom4j\dom4j\2.1.1\dom4j-2.1.1.jar;C:\DO\nwu\repo\org\hibernate\common\hibernate-commons-annotations\5.0.4.Final\hibernate-commons-annotations-5.0.4.Final.jar;C:\DO\nwu\repo\org\springframework\data\spring-data-jpa\2.1.9.RELEASE\spring-data-jpa-2.1.9.RELEASE.jar;C:\DO\nwu\repo\org\springframework\data\spring-data-commons\2.1.9.RELEASE\spring-data-commons-2.1.9.RELEASE.jar;C:\DO\nwu\repo\org\springframework\spring-orm\5.1.8.RELEASE\spring-orm-5.1.8.RELEASE.jar;C:\DO\nwu\repo\org\springframework\spring-tx\5.1.8.RELEASE\spring-tx-5.1.8.RELEASE.jar;C:\DO\nwu\repo\org\springframework\spring-aspects\5.1.8.RELEASE\spring-aspects-5.1.8.RELEASE.jar;C:\DO\nwu\repo\mysql\mysql-connector-java\8.0.25\mysql-connector-java-8.0.25.jar;C:\DO\nwu\repo\com\google\protobuf\protobuf-java\3.11.4\protobuf-java-3.11.4.jar;C:\DO\nwu\repo\org\springframework\boot\spring-boot-starter-test\2.1.6.RELEASE\spring-boot-starter-test-2.1.6.RELEASE.jar;C:\DO\nwu\repo\org\springframework\boot\spring-boot-test\2.1.6.RELEASE\spring-boot-test-2.1.6.RELEASE.jar;C:\DO\nwu\repo\org\springframework\boot\spring-boot-test-autoconfigure\2.1.6.RELEASE\spring-boot-test-autoconfigure-2.1.6.RELEASE.jar;C:\DO\nwu\repo\com\jayway\jsonpath\json-path\2.4.0\json-path-2.4.0.jar;C:\DO\nwu\repo\net\minidev\json-smart\2.3\json-smart-2.3.jar;C:\DO\nwu\repo\net\minidev\accessors-smart\1.2\accessors-smart-1.2.jar;C:\DO\nwu\repo\org\ow2\asm\asm\5.0.4\asm-5.0.4.jar;C:\DO\nwu\repo\org\slf4j\slf4j-api\1.7.26\slf4j-api-1.7.26.jar;C:\DO\nwu\repo\junit\junit\4.12\junit-4.12.jar;C:\DO\nwu\repo\org\assertj\assertj-core\3.11.1\assertj-core-3.11.1.jar;C:\DO\nwu\repo\org\mockito\mockito-core\2.23.4\mockito-core-2.23.4.jar;C:\DO\nwu\repo\net\bytebuddy\byte-buddy\1.9.13\byte-buddy-1.9.13.jar;C:\DO\nwu\repo\net\bytebuddy\byte-buddy-agent\1.9.13\byte-buddy-agent-1.9.13.jar;C:\DO\nwu\repo\org\objenesis\objenesis\2.6\objenesis-2.6.jar;C:\DO\nwu\repo\org\hamcrest\hamcrest-core\1.3\hamcrest-core-1.3.jar;C:\DO\nwu\repo\org\hamcrest\hamcrest-library\1.3\hamcrest-library-1.3.jar;C:\DO\nwu\repo\org\skyscreamer\jsonassert\1.5.0\jsonassert-1.5.0.jar;C:\DO\nwu\repo\com\vaadin\external\google\android-json\0.0.20131108.vaadin1\android-json-0.0.20131108.vaadin1.jar;C:\DO\nwu\repo\org\springframework\spring-core\5.1.8.RELEASE\spring-core-5.1.8.RELEASE.jar;C:\DO\nwu\repo\org\springframework\spring-jcl\5.1.8.RELEASE\spring-jcl-5.1.8.RELEASE.jar;C:\DO\nwu\repo\org\springframework\spring-test\5.1.8.RELEASE\spring-test-5.1.8.RELEASE.jar;C:\DO\nwu\repo\org\xmlunit\xmlunit-core\2.6.2\xmlunit-core-2.6.2.jar;"/>
    <property name="java.vm.vendor" value="Amazon.com Inc."/>
    <property name="sun.arch.data.model" value="64"/>
    <property name="user.variant" value=""/>
    <property name="java.vendor.url" value="https://aws.amazon.com/corretto/"/>
    <property name="user.timezone" value="Africa/Harare"/>
    <property name="java.vm.specification.version" value="1.8"/>
    <property name="os.name" value="Windows 10"/>
    <property name="user.country" value="ZA"/>
    <property name="sun.java.launcher" value="SUN_STANDARD"/>
    <property name="sun.boot.library.path" value="C:\Users\faree\.jdks\corretto-1.8.0_302\jre\bin"/>
    <property name="sun.java.command" value="C:\Users\faree\AppData\Local\Temp\surefire4007837117696595572\surefirebooter3555626233534236031.jar C:\Users\faree\AppData\Local\Temp\surefire4007837117696595572 2021-10-11T10-16-45_921-jvmRun1 surefire500001919360712123tmp surefire_08630070703856407600tmp"/>
    <property name="surefire.test.class.path" value="C:\DO\nwu\AccountSystem\AccountSystemLogic\target\test-classes;C:\DO\nwu\AccountSystem\AccountSystemLogic\target\classes;C:\DO\nwu\AccountSystem\AccountSystemDomain\target\AccountSystemDomain-1.0-SNAPSHOT.jar;C:\DO\nwu\repo\org\springframework\boot\spring-boot-starter\2.1.6.RELEASE\spring-boot-starter-2.1.6.RELEASE.jar;C:\DO\nwu\repo\org\springframework\boot\spring-boot\2.1.6.RELEASE\spring-boot-2.1.6.RELEASE.jar;C:\DO\nwu\repo\org\springframework\spring-context\5.1.8.RELEASE\spring-context-5.1.8.RELEASE.jar;C:\DO\nwu\repo\org\springframework\spring-aop\5.1.8.RELEASE\spring-aop-5.1.8.RELEASE.jar;C:\DO\nwu\repo\org\springframework\spring-beans\5.1.8.RELEASE\spring-beans-5.1.8.RELEASE.jar;C:\DO\nwu\repo\org\springframework\spring-expression\5.1.8.RELEASE\spring-expression-5.1.8.RELEASE.jar;C:\DO\nwu\repo\org\springframework\boot\spring-boot-autoconfigure\2.1.6.RELEASE\spring-boot-autoconfigure-2.1.6.RELEASE.jar;C:\DO\nwu\repo\org\springframework\boot\spring-boot-starter-logging\2.1.6.RELEASE\spring-boot-starter-logging-2.1.6.RELEASE.jar;C:\DO\nwu\repo\ch\qos\logback\logback-classic\1.2.3\logback-classic-1.2.3.jar;C:\DO\nwu\repo\ch\qos\logback\logback-core\1.2.3\logback-core-1.2.3.jar;C:\DO\nwu\repo\org\apache\logging\log4j\log4j-to-slf4j\2.11.2\log4j-to-slf4j-2.11.2.jar;C:\DO\nwu\repo\org\apache\logging\log4j\log4j-api\2.11.2\log4j-api-2.11.2.jar;C:\DO\nwu\repo\org\slf4j\jul-to-slf4j\1.7.26\jul-to-slf4j-1.7.26.jar;C:\DO\nwu\repo\javax\annotation\javax.annotation-api\1.3.2\javax.annotation-api-1.3.2.jar;C:\DO\nwu\repo\org\yaml\snakeyaml\1.23\snakeyaml-1.23.jar;C:\DO\nwu\repo\com\fasterxml\jackson\core\jackson-annotations\2.9.0\jackson-annotations-2.9.0.jar;C:\DO\nwu\repo\io\swagger\swagger-annotations\1.5.20\swagger-annotations-1.5.20.jar;C:\DO\nwu\AccountSystem\AccountSystemTranslator\target\AccountSystemTranslator-1.0-SNAPSHOT.jar;C:\DO\nwu\AccountSystem\AccountSystemRepository\target\AccountSystemRepository-1.0-SNAPSHOT.jar;C:\DO\nwu\repo\org\springframework\boot\spring-boot-starter-data-jpa\2.1.6.RELEASE\spring-boot-starter-data-jpa-2.1.6.RELEASE.jar;C:\DO\nwu\repo\org\springframework\boot\spring-boot-starter-aop\2.1.6.RELEASE\spring-boot-starter-aop-2.1.6.RELEASE.jar;C:\DO\nwu\repo\org\aspectj\aspectjweaver\1.9.4\aspectjweaver-1.9.4.jar;C:\DO\nwu\repo\org\springframework\boot\spring-boot-starter-jdbc\2.1.6.RELEASE\spring-boot-starter-jdbc-2.1.6.RELEASE.jar;C:\DO\nwu\repo\com\zaxxer\HikariCP\3.2.0\HikariCP-3.2.0.jar;C:\DO\nwu\repo\org\springframework\spring-jdbc\5.1.8.RELEASE\spring-jdbc-5.1.8.RELEASE.jar;C:\DO\nwu\repo\javax\transaction\javax.transaction-api\1.3\javax.transaction-api-1.3.jar;C:\DO\nwu\repo\javax\xml\bind\jaxb-api\2.3.1\jaxb-api-2.3.1.jar;C:\DO\nwu\repo\javax\activation\javax.activation-api\1.2.0\javax.activation-api-1.2.0.jar;C:\DO\nwu\repo\org\hibernate\hibernate-core\5.3.10.Final\hibernate-core-5.3.10.Final.jar;C:\DO\nwu\repo\org\jboss\logging\jboss-logging\3.3.2.Final\jboss-logging-3.3.2.Final.jar;C:\DO\nwu\repo\javax\persistence\javax.persistence-api\2.2\javax.persistence-api-2.2.jar;C:\DO\nwu\repo\org\javassist\javassist\3.23.2-GA\javassist-3.23.2-GA.jar;C:\DO\nwu\repo\antlr\antlr\2.7.7\antlr-2.7.7.jar;C:\DO\nwu\repo\org\jboss\jandex\2.0.5.Final\jandex-2.0.5.Final.jar;C:\DO\nwu\repo\com\fasterxml\classmate\1.4.0\classmate-1.4.0.jar;C:\DO\nwu\repo\org\dom4j\dom4j\2.1.1\dom4j-2.1.1.jar;C:\DO\nwu\repo\org\hibernate\common\hibernate-commons-annotations\5.0.4.Final\hibernate-commons-annotations-5.0.4.Final.jar;C:\DO\nwu\repo\org\springframework\data\spring-data-jpa\2.1.9.RELEASE\spring-data-jpa-2.1.9.RELEASE.jar;C:\DO\nwu\repo\org\springframework\data\spring-data-commons\2.1.9.RELEASE\spring-data-commons-2.1.9.RELEASE.jar;C:\DO\nwu\repo\org\springframework\spring-orm\5.1.8.RELEASE\spring-orm-5.1.8.RELEASE.jar;C:\DO\nwu\repo\org\springframework\spring-tx\5.1.8.RELEASE\spring-tx-5.1.8.RELEASE.jar;C:\DO\nwu\repo\org\springframework\spring-aspects\5.1.8.RELEASE\spring-aspects-5.1.8.RELEASE.jar;C:\DO\nwu\repo\mysql\mysql-connector-java\8.0.25\mysql-connector-java-8.0.25.jar;C:\DO\nwu\repo\com\google\protobuf\protobuf-java\3.11.4\protobuf-java-3.11.4.jar;C:\DO\nwu\repo\org\springframework\boot\spring-boot-starter-test\2.1.6.RELEASE\spring-boot-starter-test-2.1.6.RELEASE.jar;C:\DO\nwu\repo\org\springframework\boot\spring-boot-test\2.1.6.RELEASE\spring-boot-test-2.1.6.RELEASE.jar;C:\DO\nwu\repo\org\springframework\boot\spring-boot-test-autoconfigure\2.1.6.RELEASE\spring-boot-test-autoconfigure-2.1.6.RELEASE.jar;C:\DO\nwu\repo\com\jayway\jsonpath\json-path\2.4.0\json-path-2.4.0.jar;C:\DO\nwu\repo\net\minidev\json-smart\2.3\json-smart-2.3.jar;C:\DO\nwu\repo\net\minidev\accessors-smart\1.2\accessors-smart-1.2.jar;C:\DO\nwu\repo\org\ow2\asm\asm\5.0.4\asm-5.0.4.jar;C:\DO\nwu\repo\org\slf4j\slf4j-api\1.7.26\slf4j-api-1.7.26.jar;C:\DO\nwu\repo\junit\junit\4.12\junit-4.12.jar;C:\DO\nwu\repo\org\assertj\assertj-core\3.11.1\assertj-core-3.11.1.jar;C:\DO\nwu\repo\org\mockito\mockito-core\2.23.4\mockito-core-2.23.4.jar;C:\DO\nwu\repo\net\bytebuddy\byte-buddy\1.9.13\byte-buddy-1.9.13.jar;C:\DO\nwu\repo\net\bytebuddy\byte-buddy-agent\1.9.13\byte-buddy-agent-1.9.13.jar;C:\DO\nwu\repo\org\objenesis\objenesis\2.6\objenesis-2.6.jar;C:\DO\nwu\repo\org\hamcrest\hamcrest-core\1.3\hamcrest-core-1.3.jar;C:\DO\nwu\repo\org\hamcrest\hamcrest-library\1.3\hamcrest-library-1.3.jar;C:\DO\nwu\repo\org\skyscreamer\jsonassert\1.5.0\jsonassert-1.5.0.jar;C:\DO\nwu\repo\com\vaadin\external\google\android-json\0.0.20131108.vaadin1\android-json-0.0.20131108.vaadin1.jar;C:\DO\nwu\repo\org\springframework\spring-core\5.1.8.RELEASE\spring-core-5.1.8.RELEASE.jar;C:\DO\nwu\repo\org\springframework\spring-jcl\5.1.8.RELEASE\spring-jcl-5.1.8.RELEASE.jar;C:\DO\nwu\repo\org\springframework\spring-test\5.1.8.RELEASE\spring-test-5.1.8.RELEASE.jar;C:\DO\nwu\repo\org\xmlunit\xmlunit-core\2.6.2\xmlunit-core-2.6.2.jar;"/>
    <property name="sun.cpu.endian" value="little"/>
    <property name="user.home" value="C:\Users\faree"/>
    <property name="user.language" value="en"/>
    <property name="java.specification.vendor" value="Oracle Corporation"/>
    <property name="java.home" value="C:\Users\faree\.jdks\corretto-1.8.0_302\jre"/>
    <property name="basedir" value="C:\DO\nwu\AccountSystem\AccountSystemLogic"/>
    <property name="file.separator" value="\"/>
    <property name="line.separator" value="&#10;"/>
    <property name="java.vm.specification.vendor" value="Oracle Corporation"/>
    <property name="java.specification.name" value="Java Platform API Specification"/>
    <property name="java.awt.graphicsenv" value="sun.awt.Win32GraphicsEnvironment"/>
    <property name="surefire.real.class.path" value="C:\Users\faree\AppData\Local\Temp\surefire4007837117696595572\surefirebooter3555626233534236031.jar;C:\\DO\\nwu\\repo\\org\\jacoco\\org.jacoco.agent\\0.8.3\\org.jacoco.agent-0.8.3-runtime.jar"/>
    <property name="sun.boot.class.path" value="C:\Users\faree\.jdks\corretto-1.8.0_302\jre\lib\resources.jar;C:\Users\faree\.jdks\corretto-1.8.0_302\jre\lib\rt.jar;C:\Users\faree\.jdks\corretto-1.8.0_302\jre\lib\sunrsasign.jar;C:\Users\faree\.jdks\corretto-1.8.0_302\jre\lib\jsse.jar;C:\Users\faree\.jdks\corretto-1.8.0_302\jre\lib\jce.jar;C:\Users\faree\.jdks\corretto-1.8.0_302\jre\lib\charsets.jar;C:\Users\faree\.jdks\corretto-1.8.0_302\jre\lib\jfr.jar;C:\Users\faree\.jdks\corretto-1.8.0_302\jre\classes"/>
    <property name="user.script" value=""/>
    <property name="sun.management.compiler" value="HotSpot 64-Bit Tiered Compilers"/>
    <property name="java.runtime.version" value="1.8.0_302-b08"/>
    <property name="user.name" value="Fareed"/>
    <property name="path.separator" value=";"/>
    <property name="os.version" value="10.0"/>
    <property name="java.endorsed.dirs" value="C:\Users\faree\.jdks\corretto-1.8.0_302\jre\lib\endorsed"/>
    <property name="java.runtime.name" value="OpenJDK Runtime Environment"/>
    <property name="file.encoding" value="Cp1252"/>
    <property name="java.vm.name" value="OpenJDK 64-Bit Server VM"/>
    <property name="localRepository" value="C:\DO\nwu\repo"/>
    <property name="java.vendor.url.bug" value="https://github.com/corretto/corretto-8/issues/"/>
    <property name="java.io.tmpdir" value="C:\Users\faree\AppData\Local\Temp\"/>
    <property name="idea.version" value="2021.2.2"/>
    <property name="java.version" value="1.8.0_302"/>
    <property name="user.dir" value="C:\DO\nwu\AccountSystem\AccountSystemLogic"/>
    <property name="os.arch" value="amd64"/>
    <property name="java.vm.specification.name" value="Java Virtual Machine Specification"/>
    <property name="java.awt.printerjob" value="sun.awt.windows.WPrinterJob"/>
    <property name="sun.os.patch.level" value=""/>
    <property name="java.library.path" value="C:\Users\faree\.jdks\corretto-1.8.0_302\jre\bin;C:\WINDOWS\Sun\Java\bin;C:\WINDOWS\system32;C:\WINDOWS;C:\oraclexe\app\oracle\product\11.2.0\server\bin;;C:\Program Files (x86)\Intel\iCLS Client\;C:\Program Files\Intel\iCLS Client\;C:\WINDOWS\system32;C:\WINDOWS;C:\WINDOWS\System32\Wbem;C:\WINDOWS\System32\WindowsPowerShell\v1.0\;C:\Program Files (x86)\Intel\Intel(R) Management Engine Components\DAL;C:\Program Files\Intel\Intel(R) Management Engine Components\DAL;C:\Program Files (x86)\Intel\Intel(R) Management Engine Components\IPT;C:\Program Files\Intel\Intel(R) Management Engine Components\IPT;C:\WINDOWS\System32\OpenSSH\;C:\Program Files\dotnet\;C:\Program Files\Microsoft SQL Server\130\Tools\Binn\;C:\Program Files\Intel\WiFi\bin\;C:\Program Files\Common Files\Intel\WirelessCommon\;C:\Program Files (x86)\Microsoft SQL Server\150\DTS\Binn\;C:\Program Files\Microsoft SQL Server\Client SDK\ODBC\170\Tools\Binn\;C:\Program Files\apache-maven-3.8.2\bin;C:\Users\faree\.jdks\corretto-1.8.0_302\bin;C:\Program Files\Git\cmd;C:\Program Files (x86)\Java\jre1.8.0_301;C:\Users\faree\AppData\Local\Microsoft\WindowsApps;C:\Users\faree\.dotnet\tools;C:\Program Files\JetBrains\IntelliJ IDEA Community Edition 2021.2.2\bin;;C:\Program Files\apache-maven-3.8.2\bin;;."/>
    <property name="java.vm.info" value="mixed mode"/>
    <property name="java.vendor" value="Amazon.com Inc."/>
    <property name="java.vm.version" value="25.302-b08"/>
    <property name="java.ext.dirs" value="C:\Users\faree\.jdks\corretto-1.8.0_302\jre\lib\ext;C:\WINDOWS\Sun\Java\lib\ext"/>
    <property name="sun.io.unicode.encoding" value="UnicodeLittle"/>
    <property name="java.class.version" value="52.0"/>
  </properties>
  <testcase name="testMod" classname="za.ac.nwu.ac.logic.flow.impl.ModuloTest" time="0"/>
  <testcase name="testModBy0" classname="za.ac.nwu.ac.logic.flow.impl.ModuloTest" time="0"/>
</testsuite>